1762172126.902397 client started (33636): version 3.5a, socket /tmp/tmux-1000/default, protocol 8
1762172126.902412 on Linux 6.17.5-arch1-1 #1 SMP PREEMPT_DYNAMIC Thu, 23 Oct 2025 18:49:03 +0000
1762172126.902419 using libevent 2.1.12-stable poll
1762172126.902422 using ncurses 6.5 20240427
1762172126.902431 flags are 0x10010000
1762172126.902437 socket is /tmp/tmux-1000/default
1762172126.902445 trying connect
1762172126.902488 add peer 0x55b8554d0980: 6 ((nil))
1762172126.902660 sending message 111 to peer 0x55b8554d0980 (8 bytes)
1762172126.902666 sending message 111 to peer 0x55b8554d0980 (8 bytes)
1762172126.902669 sending message 101 to peer 0x55b8554d0980 (14 bytes)
1762172126.902673 sending message 109 to peer 0x55b8554d0980 (4 bytes)
1762172126.902675 sending message 102 to peer 0x55b8554d0980 (11 bytes)
1762172126.902677 sending message 108 to peer 0x55b8554d0980 (23 bytes)
1762172126.902680 sending message 112 to peer 0x55b8554d0980 (70 bytes)
1762172126.902682 sending message 112 to peer 0x55b8554d0980 (5 bytes)
1762172126.902684 sending message 112 to peer 0x55b8554d0980 (5 bytes)
1762172126.902686 sending message 112 to peer 0x55b8554d0980 (6 bytes)
1762172126.902688 sending message 112 to peer 0x55b8554d0980 (6 bytes)
1762172126.902690 sending message 112 to peer 0x55b8554d0980 (11 bytes)
1762172126.902693 sending message 112 to peer 0x55b8554d0980 (10 bytes)
1762172126.902694 sending message 112 to peer 0x55b8554d0980 (13 bytes)
1762172126.902697 sending message 112 to peer 0x55b8554d0980 (13 bytes)
1762172126.902698 sending message 112 to peer 0x55b8554d0980 (18 bytes)
1762172126.902701 sending message 112 to peer 0x55b8554d0980 (11 bytes)
1762172126.902702 sending message 112 to peer 0x55b8554d0980 (10 bytes)
1762172126.902704 sending message 112 to peer 0x55b8554d0980 (15 bytes)
1762172126.902706 sending message 112 to peer 0x55b8554d0980 (21 bytes)
1762172126.902709 sending message 112 to peer 0x55b8554d0980 (13 bytes)
1762172126.902711 sending message 112 to peer 0x55b8554d0980 (7 bytes)
1762172126.902713 sending message 112 to peer 0x55b8554d0980 (13 bytes)
1762172126.902715 sending message 112 to peer 0x55b8554d0980 (7 bytes)
1762172126.902716 sending message 112 to peer 0x55b8554d0980 (13 bytes)
1762172126.902718 sending message 112 to peer 0x55b8554d0980 (9 bytes)
1762172126.902720 sending message 112 to peer 0x55b8554d0980 (21 bytes)
1762172126.902722 sending message 112 to peer 0x55b8554d0980 (13 bytes)
1762172126.902724 sending message 112 to peer 0x55b8554d0980 (8 bytes)
1762172126.902726 sending message 112 to peer 0x55b8554d0980 (12 bytes)
1762172126.902728 sending message 112 to peer 0x55b8554d0980 (13 bytes)
1762172126.902730 sending message 112 to peer 0x55b8554d0980 (9 bytes)
1762172126.902732 sending message 112 to peer 0x55b8554d0980 (9 bytes)
1762172126.902734 sending message 112 to peer 0x55b8554d0980 (12 bytes)
1762172126.902736 sending message 112 to peer 0x55b8554d0980 (8 bytes)
1762172126.902738 sending message 112 to peer 0x55b8554d0980 (8 bytes)
1762172126.902740 sending message 112 to peer 0x55b8554d0980 (7 bytes)
1762172126.902742 sending message 112 to peer 0x55b8554d0980 (7 bytes)
1762172126.902744 sending message 112 to peer 0x55b8554d0980 (9 bytes)
1762172126.902746 sending message 112 to peer 0x55b8554d0980 (13 bytes)
1762172126.902748 sending message 112 to peer 0x55b8554d0980 (6 bytes)
1762172126.902750 sending message 112 to peer 0x55b8554d0980 (9 bytes)
1762172126.902752 sending message 112 to peer 0x55b8554d0980 (15 bytes)
1762172126.902754 sending message 112 to peer 0x55b8554d0980 (13 bytes)
1762172126.902755 sending message 112 to peer 0x55b8554d0980 (12 bytes)
1762172126.902757 sending message 112 to peer 0x55b8554d0980 (8 bytes)
1762172126.902759 sending message 112 to peer 0x55b8554d0980 (14 bytes)
1762172126.902762 sending message 112 to peer 0x55b8554d0980 (11 bytes)
1762172126.902763 sending message 112 to peer 0x55b8554d0980 (9 bytes)
1762172126.902765 sending message 112 to peer 0x55b8554d0980 (10 bytes)
1762172126.902767 sending message 112 to peer 0x55b8554d0980 (10 bytes)
1762172126.902773 sending message 112 to peer 0x55b8554d0980 (10 bytes)
1762172126.902778 sending message 112 to peer 0x55b8554d0980 (10 bytes)
1762172126.902780 sending message 112 to peer 0x55b8554d0980 (11 bytes)
1762172126.902782 sending message 112 to peer 0x55b8554d0980 (12 bytes)
1762172126.902784 sending message 112 to peer 0x55b8554d0980 (12 bytes)
1762172126.902786 sending message 112 to peer 0x55b8554d0980 (12 bytes)
1762172126.902788 sending message 112 to peer 0x55b8554d0980 (12 bytes)
1762172126.902790 sending message 112 to peer 0x55b8554d0980 (12 bytes)
1762172126.902792 sending message 112 to peer 0x55b8554d0980 (11 bytes)
1762172126.902794 sending message 112 to peer 0x55b8554d0980 (11 bytes)
1762172126.902796 sending message 112 to peer 0x55b8554d0980 (12 bytes)
1762172126.902798 sending message 112 to peer 0x55b8554d0980 (12 bytes)
1762172126.902800 sending message 112 to peer 0x55b8554d0980 (12 bytes)
1762172126.902802 sending message 112 to peer 0x55b8554d0980 (12 bytes)
1762172126.902804 sending message 112 to peer 0x55b8554d0980 (12 bytes)
1762172126.902806 sending message 112 to peer 0x55b8554d0980 (10 bytes)
1762172126.902808 sending message 112 to peer 0x55b8554d0980 (12 bytes)
1762172126.902810 sending message 112 to peer 0x55b8554d0980 (13 bytes)
1762172126.902812 sending message 112 to peer 0x55b8554d0980 (13 bytes)
1762172126.902814 sending message 112 to peer 0x55b8554d0980 (13 bytes)
1762172126.902816 sending message 112 to peer 0x55b8554d0980 (13 bytes)
1762172126.902818 sending message 112 to peer 0x55b8554d0980 (13 bytes)
1762172126.902820 sending message 112 to peer 0x55b8554d0980 (8 bytes)
1762172126.902822 sending message 112 to peer 0x55b8554d0980 (11 bytes)
1762172126.902824 sending message 112 to peer 0x55b8554d0980 (11 bytes)
1762172126.902826 sending message 112 to peer 0x55b8554d0980 (11 bytes)
1762172126.902828 sending message 112 to peer 0x55b8554d0980 (12 bytes)
1762172126.902830 sending message 112 to peer 0x55b8554d0980 (12 bytes)
1762172126.902832 sending message 112 to peer 0x55b8554d0980 (12 bytes)
1762172126.902834 sending message 112 to peer 0x55b8554d0980 (12 bytes)
1762172126.902836 sending message 112 to peer 0x55b8554d0980 (13 bytes)
1762172126.902838 sending message 112 to peer 0x55b8554d0980 (13 bytes)
1762172126.902840 sending message 112 to peer 0x55b8554d0980 (13 bytes)
1762172126.902842 sending message 112 to peer 0x55b8554d0980 (8 bytes)
1762172126.902844 sending message 112 to peer 0x55b8554d0980 (13 bytes)
1762172126.902846 sending message 112 to peer 0x55b8554d0980 (13 bytes)
1762172126.902848 sending message 112 to peer 0x55b8554d0980 (13 bytes)
1762172126.902850 sending message 112 to peer 0x55b8554d0980 (13 bytes)
1762172126.902852 sending message 112 to peer 0x55b8554d0980 (13 bytes)
1762172126.902854 sending message 112 to peer 0x55b8554d0980 (12 bytes)
1762172126.902856 sending message 112 to peer 0x55b8554d0980 (12 bytes)
1762172126.902858 sending message 112 to peer 0x55b8554d0980 (12 bytes)
1762172126.902860 sending message 112 to peer 0x55b8554d0980 (12 bytes)
1762172126.902862 sending message 112 to peer 0x55b8554d0980 (13 bytes)
1762172126.902864 sending message 112 to peer 0x55b8554d0980 (8 bytes)
1762172126.902866 sending message 112 to peer 0x55b8554d0980 (13 bytes)
1762172126.902868 sending message 112 to peer 0x55b8554d0980 (13 bytes)
1762172126.902870 sending message 112 to peer 0x55b8554d0980 (13 bytes)
1762172126.902872 sending message 112 to peer 0x55b8554d0980 (13 bytes)
1762172126.902874 sending message 112 to peer 0x55b8554d0980 (13 bytes)
1762172126.902876 sending message 112 to peer 0x55b8554d0980 (13 bytes)
1762172126.902878 sending message 112 to peer 0x55b8554d0980 (13 bytes)
1762172126.902880 sending message 112 to peer 0x55b8554d0980 (12 bytes)
1762172126.902882 sending message 112 to peer 0x55b8554d0980 (12 bytes)
1762172126.902884 sending message 112 to peer 0x55b8554d0980 (12 bytes)
1762172126.902886 sending message 112 to peer 0x55b8554d0980 (8 bytes)
1762172126.902888 sending message 112 to peer 0x55b8554d0980 (12 bytes)
1762172126.902891 sending message 112 to peer 0x55b8554d0980 (13 bytes)
1762172126.902895 sending message 112 to peer 0x55b8554d0980 (13 bytes)
1762172126.902896 sending message 112 to peer 0x55b8554d0980 (13 bytes)
1762172126.902898 sending message 112 to peer 0x55b8554d0980 (13 bytes)
1762172126.902901 sending message 112 to peer 0x55b8554d0980 (13 bytes)
1762172126.902903 sending message 112 to peer 0x55b8554d0980 (13 bytes)
1762172126.902905 sending message 112 to peer 0x55b8554d0980 (13 bytes)
1762172126.902907 sending message 112 to peer 0x55b8554d0980 (13 bytes)
1762172126.902909 sending message 112 to peer 0x55b8554d0980 (12 bytes)
1762172126.902910 sending message 112 to peer 0x55b8554d0980 (10 bytes)
1762172126.902912 sending message 112 to peer 0x55b8554d0980 (12 bytes)
1762172126.902914 sending message 112 to peer 0x55b8554d0980 (12 bytes)
1762172126.902916 sending message 112 to peer 0x55b8554d0980 (12 bytes)
1762172126.902918 sending message 112 to peer 0x55b8554d0980 (13 bytes)
1762172126.902920 sending message 112 to peer 0x55b8554d0980 (13 bytes)
1762172126.902922 sending message 112 to peer 0x55b8554d0980 (13 bytes)
1762172126.902924 sending message 112 to peer 0x55b8554d0980 (13 bytes)
1762172126.902926 sending message 112 to peer 0x55b8554d0980 (13 bytes)
1762172126.902928 sending message 112 to peer 0x55b8554d0980 (13 bytes)
1762172126.902930 sending message 112 to peer 0x55b8554d0980 (13 bytes)
1762172126.902932 sending message 112 to peer 0x55b8554d0980 (10 bytes)
1762172126.902934 sending message 112 to peer 0x55b8554d0980 (13 bytes)
1762172126.902936 sending message 112 to peer 0x55b8554d0980 (12 bytes)
1762172126.902938 sending message 112 to peer 0x55b8554d0980 (12 bytes)
1762172126.902940 sending message 112 to peer 0x55b8554d0980 (12 bytes)
1762172126.902942 sending message 112 to peer 0x55b8554d0980 (10 bytes)
1762172126.902944 sending message 112 to peer 0x55b8554d0980 (10 bytes)
1762172126.902946 sending message 112 to peer 0x55b8554d0980 (10 bytes)
1762172126.902948 sending message 112 to peer 0x55b8554d0980 (12 bytes)
1762172126.902950 sending message 112 to peer 0x55b8554d0980 (13 bytes)
1762172126.902952 sending message 112 to peer 0x55b8554d0980 (13 bytes)
1762172126.902954 sending message 112 to peer 0x55b8554d0980 (13 bytes)
1762172126.902956 sending message 112 to peer 0x55b8554d0980 (13 bytes)
1762172126.902958 sending message 112 to peer 0x55b8554d0980 (13 bytes)
1762172126.902960 sending message 112 to peer 0x55b8554d0980 (11 bytes)
1762172126.902962 sending message 112 to peer 0x55b8554d0980 (11 bytes)
1762172126.902964 sending message 112 to peer 0x55b8554d0980 (12 bytes)
1762172126.902965 sending message 112 to peer 0x55b8554d0980 (12 bytes)
1762172126.902967 sending message 112 to peer 0x55b8554d0980 (12 bytes)
1762172126.902969 sending message 112 to peer 0x55b8554d0980 (12 bytes)
1762172126.902971 sending message 112 to peer 0x55b8554d0980 (12 bytes)
1762172126.902973 sending message 112 to peer 0x55b8554d0980 (11 bytes)
1762172126.902975 sending message 112 to peer 0x55b8554d0980 (12 bytes)
1762172126.902983 sending message 112 to peer 0x55b8554d0980 (12 bytes)
1762172126.902985 sending message 112 to peer 0x55b8554d0980 (13 bytes)
1762172126.902987 sending message 112 to peer 0x55b8554d0980 (13 bytes)
1762172126.902989 sending message 112 to peer 0x55b8554d0980 (13 bytes)
1762172126.902991 sending message 112 to peer 0x55b8554d0980 (13 bytes)
1762172126.902993 sending message 112 to peer 0x55b8554d0980 (13 bytes)
1762172126.902996 sending message 112 to peer 0x55b8554d0980 (10 bytes)
1762172126.902997 sending message 112 to peer 0x55b8554d0980 (9 bytes)
1762172126.902999 sending message 112 to peer 0x55b8554d0980 (12 bytes)
1762172126.903002 sending message 112 to peer 0x55b8554d0980 (13 bytes)
1762172126.903004 sending message 112 to peer 0x55b8554d0980 (13 bytes)
1762172126.903005 sending message 112 to peer 0x55b8554d0980 (13 bytes)
1762172126.903007 sending message 112 to peer 0x55b8554d0980 (13 bytes)
1762172126.903009 sending message 112 to peer 0x55b8554d0980 (13 bytes)
1762172126.903013 sending message 112 to peer 0x55b8554d0980 (9 bytes)
1762172126.903016 sending message 112 to peer 0x55b8554d0980 (12 bytes)
1762172126.903018 sending message 112 to peer 0x55b8554d0980 (13 bytes)
1762172126.903020 sending message 112 to peer 0x55b8554d0980 (13 bytes)
1762172126.903022 sending message 112 to peer 0x55b8554d0980 (13 bytes)
1762172126.903024 sending message 112 to peer 0x55b8554d0980 (13 bytes)
1762172126.903026 sending message 112 to peer 0x55b8554d0980 (13 bytes)
1762172126.903028 sending message 112 to peer 0x55b8554d0980 (11 bytes)
1762172126.903030 sending message 112 to peer 0x55b8554d0980 (12 bytes)
1762172126.903032 sending message 112 to peer 0x55b8554d0980 (13 bytes)
1762172126.903034 sending message 112 to peer 0x55b8554d0980 (13 bytes)
1762172126.903036 sending message 112 to peer 0x55b8554d0980 (13 bytes)
1762172126.903038 sending message 112 to peer 0x55b8554d0980 (13 bytes)
1762172126.903040 sending message 112 to peer 0x55b8554d0980 (13 bytes)
1762172126.903042 sending message 112 to peer 0x55b8554d0980 (11 bytes)
1762172126.903044 sending message 112 to peer 0x55b8554d0980 (12 bytes)
1762172126.903046 sending message 112 to peer 0x55b8554d0980 (12 bytes)
1762172126.903048 sending message 112 to peer 0x55b8554d0980 (12 bytes)
1762172126.903050 sending message 112 to peer 0x55b8554d0980 (12 bytes)
1762172126.903052 sending message 112 to peer 0x55b8554d0980 (12 bytes)
1762172126.903054 sending message 112 to peer 0x55b8554d0980 (21 bytes)
1762172126.903056 sending message 112 to peer 0x55b8554d0980 (12 bytes)
1762172126.903058 sending message 112 to peer 0x55b8554d0980 (9 bytes)
1762172126.903060 sending message 112 to peer 0x55b8554d0980 (6 bytes)
1762172126.903062 sending message 112 to peer 0x55b8554d0980 (13 bytes)
1762172126.903065 sending message 112 to peer 0x55b8554d0980 (8 bytes)
1762172126.903067 sending message 112 to peer 0x55b8554d0980 (15 bytes)
1762172126.903069 sending message 112 to peer 0x55b8554d0980 (13 bytes)
1762172126.903071 sending message 112 to peer 0x55b8554d0980 (9 bytes)
1762172126.903073 sending message 112 to peer 0x55b8554d0980 (70 bytes)
1762172126.903075 sending message 112 to peer 0x55b8554d0980 (69 bytes)
1762172126.903077 sending message 112 to peer 0x55b8554d0980 (10 bytes)
1762172126.903079 sending message 112 to peer 0x55b8554d0980 (10 bytes)
1762172126.903082 sending message 112 to peer 0x55b8554d0980 (8 bytes)
1762172126.903084 sending message 112 to peer 0x55b8554d0980 (15 bytes)
1762172126.903086 sending message 112 to peer 0x55b8554d0980 (13 bytes)
1762172126.903088 sending message 112 to peer 0x55b8554d0980 (10 bytes)
1762172126.903090 sending message 112 to peer 0x55b8554d0980 (10 bytes)
1762172126.903092 sending message 112 to peer 0x55b8554d0980 (17 bytes)
1762172126.903094 sending message 112 to peer 0x55b8554d0980 (10 bytes)
1762172126.903096 sending message 112 to peer 0x55b8554d0980 (13 bytes)
1762172126.903098 sending message 112 to peer 0x55b8554d0980 (9 bytes)
1762172126.903100 sending message 112 to peer 0x55b8554d0980 (5 bytes)
1762172126.903102 sending message 112 to peer 0x55b8554d0980 (15 bytes)
1762172126.903109 sending message 104 to peer 0x55b8554d0980 (0 bytes)
1762172126.903111 sending message 110 to peer 0x55b8554d0980 (0 bytes)
1762172126.903113 sending message 107 to peer 0x55b8554d0980 (4 bytes)
1762172126.903115 sending message 105 to peer 0x55b8554d0980 (38 bytes)
1762172126.903117 sending message 105 to peer 0x55b8554d0980 (62 bytes)
1762172126.903119 sending message 105 to peer 0x55b8554d0980 (35 bytes)
1762172126.903121 sending message 105 to peer 0x55b8554d0980 (20 bytes)
1762172126.903123 sending message 105 to peer 0x55b8554d0980 (54 bytes)
1762172126.903125 sending message 105 to peer 0x55b8554d0980 (50 bytes)
1762172126.903127 sending message 105 to peer 0x55b8554d0980 (23 bytes)
1762172126.903129 sending message 105 to peer 0x55b8554d0980 (11 bytes)
1762172126.903131 sending message 105 to peer 0x55b8554d0980 (20 bytes)
1762172126.903133 sending message 105 to peer 0x55b8554d0980 (35 bytes)
1762172126.903137 sending message 105 to peer 0x55b8554d0980 (82 bytes)
1762172126.903139 sending message 105 to peer 0x55b8554d0980 (20 bytes)
1762172126.903141 sending message 105 to peer 0x55b8554d0980 (69 bytes)
1762172126.903143 sending message 105 to peer 0x55b8554d0980 (15 bytes)
1762172126.903145 sending message 105 to peer 0x55b8554d0980 (43 bytes)
1762172126.903147 sending message 105 to peer 0x55b8554d0980 (47 bytes)
1762172126.903149 sending message 105 to peer 0x55b8554d0980 (23 bytes)
1762172126.903151 sending message 105 to peer 0x55b8554d0980 (28 bytes)
1762172126.903153 sending message 105 to peer 0x55b8554d0980 (22 bytes)
1762172126.903155 sending message 105 to peer 0x55b8554d0980 (21 bytes)
1762172126.903157 sending message 105 to peer 0x55b8554d0980 (22 bytes)
1762172126.903159 sending message 105 to peer 0x55b8554d0980 (17 bytes)
1762172126.903161 sending message 105 to peer 0x55b8554d0980 (12 bytes)
1762172126.903163 sending message 105 to peer 0x55b8554d0980 (25 bytes)
1762172126.903165 sending message 105 to peer 0x55b8554d0980 (16 bytes)
1762172126.903167 sending message 105 to peer 0x55b8554d0980 (20 bytes)
1762172126.903169 sending message 105 to peer 0x55b8554d0980 (139 bytes)
1762172126.903171 sending message 105 to peer 0x55b8554d0980 (51 bytes)
1762172126.903173 sending message 105 to peer 0x55b8554d0980 (15 bytes)
1762172126.903175 sending message 105 to peer 0x55b8554d0980 (17 bytes)
1762172126.903177 sending message 105 to peer 0x55b8554d0980 (50 bytes)
1762172126.903179 sending message 105 to peer 0x55b8554d0980 (385 bytes)
1762172126.903181 sending message 105 to peer 0x55b8554d0980 (27 bytes)
1762172126.903183 sending message 105 to peer 0x55b8554d0980 (19 bytes)
1762172126.903185 sending message 105 to peer 0x55b8554d0980 (23 bytes)
1762172126.903187 sending message 105 to peer 0x55b8554d0980 (20 bytes)
1762172126.903189 sending message 105 to peer 0x55b8554d0980 (82 bytes)
1762172126.903191 sending message 105 to peer 0x55b8554d0980 (15 bytes)
1762172126.903193 sending message 105 to peer 0x55b8554d0980 (22 bytes)
1762172126.903195 sending message 105 to peer 0x55b8554d0980 (19 bytes)
1762172126.903197 sending message 105 to peer 0x55b8554d0980 (18 bytes)
1762172126.903199 sending message 105 to peer 0x55b8554d0980 (26 bytes)
1762172126.903201 sending message 105 to peer 0x55b8554d0980 (35 bytes)
1762172126.903203 sending message 105 to peer 0x55b8554d0980 (13 bytes)
1762172126.903205 sending message 105 to peer 0x55b8554d0980 (9 bytes)
1762172126.903207 sending message 105 to peer 0x55b8554d0980 (26 bytes)
1762172126.903209 sending message 105 to peer 0x55b8554d0980 (24 bytes)
1762172126.903211 sending message 105 to peer 0x55b8554d0980 (39 bytes)
1762172126.903213 sending message 105 to peer 0x55b8554d0980 (55 bytes)
1762172126.903215 sending message 105 to peer 0x55b8554d0980 (24 bytes)
1762172126.903217 sending message 105 to peer 0x55b8554d0980 (118 bytes)
1762172126.903219 sending message 105 to peer 0x55b8554d0980 (24 bytes)
1762172126.903221 sending message 105 to peer 0x55b8554d0980 (31 bytes)
1762172126.903223 sending message 105 to peer 0x55b8554d0980 (15 bytes)
1762172126.903225 sending message 105 to peer 0x55b8554d0980 (52 bytes)
1762172126.903227 sending message 105 to peer 0x55b8554d0980 (23 bytes)
1762172126.903228 sending message 105 to peer 0x55b8554d0980 (24 bytes)
1762172126.903230 sending message 105 to peer 0x55b8554d0980 (17 bytes)
1762172126.903232 sending message 105 to peer 0x55b8554d0980 (58 bytes)
1762172126.903234 sending message 105 to peer 0x55b8554d0980 (25 bytes)
1762172126.903236 sending message 105 to peer 0x55b8554d0980 (11 bytes)
1762172126.903238 sending message 105 to peer 0x55b8554d0980 (21 bytes)
1762172126.903240 sending message 105 to peer 0x55b8554d0980 (30 bytes)
1762172126.903242 sending message 105 to peer 0x55b8554d0980 (8 bytes)
1762172126.903244 sending message 105 to peer 0x55b8554d0980 (32 bytes)
1762172126.903246 sending message 105 to peer 0x55b8554d0980 (16 bytes)
1762172126.903248 sending message 105 to peer 0x55b8554d0980 (51 bytes)
1762172126.903251 sending message 105 to peer 0x55b8554d0980 (25 bytes)
1762172126.903254 sending message 105 to peer 0x55b8554d0980 (11 bytes)
1762172126.903256 sending message 105 to peer 0x55b8554d0980 (8 bytes)
1762172126.903258 sending message 105 to peer 0x55b8554d0980 (32 bytes)
1762172126.903260 sending message 105 to peer 0x55b8554d0980 (1917 bytes)
1762172126.903271 sending message 105 to peer 0x55b8554d0980 (56 bytes)
1762172126.903273 sending message 105 to peer 0x55b8554d0980 (12 bytes)
1762172126.903275 sending message 105 to peer 0x55b8554d0980 (29 bytes)
1762172126.903277 sending message 105 to peer 0x55b8554d0980 (26 bytes)
1762172126.903279 sending message 105 to peer 0x55b8554d0980 (99 bytes)
1762172126.903281 sending message 105 to peer 0x55b8554d0980 (33 bytes)
1762172126.903283 sending message 105 to peer 0x55b8554d0980 (34 bytes)
1762172126.903285 sending message 105 to peer 0x55b8554d0980 (55 bytes)
1762172126.903287 sending message 105 to peer 0x55b8554d0980 (37 bytes)
1762172126.903289 sending message 105 to peer 0x55b8554d0980 (16 bytes)
1762172126.903291 sending message 106 to peer 0x55b8554d0980 (0 bytes)
1762172126.903319 sending message 200 to peer 0x55b8554d0980 (4 bytes)
1762172126.903322 client loop enter
1762172126.903825 peer 0x55b8554d0980 message 303
1762172126.903852 open write file 2 -
1762172126.903862 sending message 305 to peer 0x55b8554d0980 (8 bytes)
1762172126.903876 write check file 2
1762172126.903953 peer 0x55b8554d0980 message 304
1762172126.903961 write 58 to file 2
1762172126.903966 peer 0x55b8554d0980 message 203
1762172126.903971 file 2 58 bytes left
1762172126.904004 write check file 2
1762172126.904008 client loop exit
